# JRE version: OpenJDK Runtime Environment (8.0_332-b08) (build 1.8.0_332-b08)
# Java VM: OpenJDK 64-Bit Server VM (25.332-b08 mixed mode windows-amd64 compressed oops)
Heap:
 PSYoungGen      total 282624K, used 138848K [0x00000000d5580000, 0x00000000ea580000, 0x0000000100000000)
  eden space 259584K, 44% used [0x00000000d5580000,0x00000000dc69d5f8,0x00000000e5300000)
  from space 23040K, 99% used [0x00000000e5300000,0x00000000e697ac50,0x00000000e6980000)
  to   space 26624K, 0% used [0x00000000e8b80000,0x00000000e8b80000,0x00000000ea580000)
 ParOldGen       total 159232K, used 40318K [0x0000000080000000, 0x0000000089b80000, 0x00000000d5580000)
  object space 159232K, 25% used [0x0000000080000000,0x000000008275fa20,0x0000000089b80000)
 Metaspace       used 84595K, capacity 88782K, committed 88960K, reserved 1126400K
  class space    used 11284K, capacity 12105K, committed 12160K, reserved 1048576K
GC Heap History (10 events):
Event: 35.948 GC heap before
{Heap before GC invocations=20 (full 2):
 PSYoungGen      total 221696K, used 211136K [0x00000000d5580000, 0x00000000e5180000, 0x0000000100000000)
  eden space 208896K, 100% used [0x00000000d5580000,0x00000000e2180000,0x00000000e2180000)
  from space 12800K, 17% used [0x00000000e2180000,0x00000000e23b0000,0x00000000e2e00000)
  to   space 12288K, 0% used [0x00000000e4580000,0x00000000e4580000,0x00000000e5180000)
 ParOldGen       total 102400K, used 19581K [0x0000000080000000, 0x0000000086400000, 0x00000000d5580000)
  object space 102400K, 19% used [0x0000000080000000,0x000000008131f7a0,0x0000000086400000)
 Metaspace       used 42646K, capacity 44724K, committed 44928K, reserved 1087488K
  class space    used 5847K, capacity 6217K, committed 6272K, reserved 1048576K
Event: 35.967 GC heap after
Heap after GC invocations=20 (full 2):
 PSYoungGen      total 243200K, used 12272K [0x00000000d5580000, 0x00000000e5400000, 0x0000000100000000)
  eden space 230912K, 0% used [0x00000000d5580000,0x00000000d5580000,0x00000000e3700000)
  from space 12288K, 99% used [0x00000000e4580000,0x00000000e517c168,0x00000000e5180000)
  to   space 14848K, 0% used [0x00000000e3700000,0x00000000e3700000,0x00000000e4580000)
 ParOldGen       total 102400K, used 20673K [0x0000000080000000, 0x0000000086400000, 0x00000000d5580000)
  object space 102400K, 20% used [0x0000000080000000,0x00000000814305f8,0x0000000086400000)
 Metaspace       used 42646K, capacity 44724K, committed 44928K, reserved 1087488K
  class space    used 5847K, capacity 6217K, committed 6272K, reserved 1048576K
}
Event: 39.466 GC heap before
{Heap before GC invocations=21 (full 2):
 PSYoungGen      total 243200K, used 167160K [0x00000000d5580000, 0x00000000e5400000, 0x0000000100000000)
  eden space 230912K, 67% used [0x00000000d5580000,0x00000000decc1eb0,0x00000000e3700000)
  from space 12288K, 99% used [0x00000000e4580000,0x00000000e517c168,0x00000000e5180000)
  to   space 14848K, 0% used [0x00000000e3700000,0x00000000e3700000,0x00000000e4580000)
 ParOldGen       total 102400K, used 20673K [0x0000000080000000, 0x0000000086400000, 0x00000000d5580000)
  object space 102400K, 20% used [0x0000000080000000,0x00000000814305f8,0x0000000086400000)
 Metaspace       used 56646K, capacity 59060K, committed 59096K, reserved 1099776K
  class space    used 7609K, capacity 8044K, committed 8064K, reserved 1048576K
Event: 39.507 GC heap after
Heap after GC invocations=21 (full 2):
 PSYoungGen      total 245760K, used 14820K [0x00000000d5580000, 0x00000000e7f00000, 0x0000000100000000)
  eden space 230912K, 0% used [0x00000000d5580000,0x00000000d5580000,0x00000000e3700000)
  from space 14848K, 99% used [0x00000000e3700000,0x00000000e4579330,0x00000000e4580000)
  to   space 22016K, 0% used [0x00000000e6980000,0x00000000e6980000,0x00000000e7f00000)
 ParOldGen       total 102400K, used 33711K [0x0000000080000000, 0x0000000086400000, 0x00000000d5580000)
  object space 102400K, 32% used [0x0000000080000000,0x00000000820ebfa0,0x0000000086400000)
 Metaspace       used 56646K, capacity 59060K, committed 59096K, reserved 1099776K
  class space    used 7609K, capacity 8044K, committed 8064K, reserved 1048576K
}
Event: 39.507 GC heap before
{Heap before GC invocations=22 (full 3):
 PSYoungGen      total 245760K, used 14820K [0x00000000d5580000, 0x00000000e7f00000, 0x0000000100000000)
  eden space 230912K, 0% used [0x00000000d5580000,0x00000000d5580000,0x00000000e3700000)
  from space 14848K, 99% used [0x00000000e3700000,0x00000000e4579330,0x00000000e4580000)
  to   space 22016K, 0% used [0x00000000e6980000,0x00000000e6980000,0x00000000e7f00000)
 ParOldGen       total 102400K, used 33711K [0x0000000080000000, 0x0000000086400000, 0x00000000d5580000)
  object space 102400K, 32% used [0x0000000080000000,0x00000000820ebfa0,0x0000000086400000)
 Metaspace       used 56646K, capacity 59060K, committed 59096K, reserved 1099776K
  class space    used 7609K, capacity 8044K, committed 8064K, reserved 1048576K
Event: 39.800 GC heap after
Heap after GC invocations=22 (full 3):
 PSYoungGen      total 245760K, used 0K [0x00000000d5580000, 0x00000000e7f00000, 0x0000000100000000)
  eden space 230912K, 0% used [0x00000000d5580000,0x00000000d5580000,0x00000000e3700000)
  from space 14848K, 0% used [0x00000000e3700000,0x00000000e3700000,0x00000000e4580000)
  to   space 22016K, 0% used [0x00000000e6980000,0x00000000e6980000,0x00000000e7f00000)
 ParOldGen       total 159232K, used 40121K [0x0000000080000000, 0x0000000089b80000, 0x00000000d5580000)
  object space 159232K, 25% used [0x0000000080000000,0x000000008272e5e0,0x0000000089b80000)
 Metaspace       used 56534K, capacity 58776K, committed 59096K, reserved 1099776K
  class space    used 7576K, capacity 7998K, committed 8064K, reserved 1048576K
}
Event: 44.650 GC heap before
{Heap before GC invocations=23 (full 3):
 PSYoungGen      total 245760K, used 230912K [0x00000000d5580000, 0x00000000e7f00000, 0x0000000100000000)
  eden space 230912K, 100% used [0x00000000d5580000,0x00000000e3700000,0x00000000e3700000)
  from space 14848K, 0% used [0x00000000e3700000,0x00000000e3700000,0x00000000e4580000)
  to   space 22016K, 0% used [0x00000000e6980000,0x00000000e6980000,0x00000000e7f00000)
 ParOldGen       total 159232K, used 40121K [0x0000000080000000, 0x0000000089b80000, 0x00000000d5580000)
  object space 159232K, 25% used [0x0000000080000000,0x000000008272e5e0,0x0000000089b80000)
 Metaspace       used 69755K, capacity 72402K, committed 72576K, reserved 1112064K
  class space    used 9475K, capacity 10016K, committed 10112K, reserved 1048576K
Event: 44.675 GC heap after
Heap after GC invocations=23 (full 3):
 PSYoungGen      total 281600K, used 14274K [0x00000000d5580000, 0x00000000e8080000, 0x0000000100000000)
  eden space 259584K, 0% used [0x00000000d5580000,0x00000000d5580000,0x00000000e5300000)
  from space 22016K, 64% used [0x00000000e6980000,0x00000000e7770ac8,0x00000000e7f00000)
  to   space 23040K, 0% used [0x00000000e5300000,0x00000000e5300000,0x00000000e6980000)
 ParOldGen       total 159232K, used 40129K [0x0000000080000000, 0x0000000089b80000, 0x00000000d5580000)
  object space 159232K, 25% used [0x0000000080000000,0x00000000827305e0,0x0000000089b80000)
 Metaspace       used 69755K, capacity 72402K, committed 72576K, reserved 1112064K
  class space    used 9475K, capacity 10016K, committed 10112K, reserved 1048576K
}
Event: 51.256 GC heap before
{Heap before GC invocations=24 (full 3):
 PSYoungGen      total 281600K, used 273858K [0x00000000d5580000, 0x00000000e8080000, 0x0000000100000000)
  eden space 259584K, 100% used [0x00000000d5580000,0x00000000e5300000,0x00000000e5300000)
  from space 22016K, 64% used [0x00000000e6980000,0x00000000e7770ac8,0x00000000e7f00000)
  to   space 23040K, 0% used [0x00000000e5300000,0x00000000e5300000,0x00000000e6980000)
 ParOldGen       total 159232K, used 40129K [0x0000000080000000, 0x0000000089b80000, 0x00000000d5580000)
  object space 159232K, 25% used [0x0000000080000000,0x00000000827305e0,0x0000000089b80000)
 Metaspace       used 80310K, capacity 84098K, committed 84224K, reserved 1122304K
  class space    used 10974K, capacity 11712K, committed 11776K, reserved 1048576K
Event: 51.290 GC heap after
Heap after GC invocations=24 (full 3):
 PSYoungGen      total 282624K, used 23019K [0x00000000d5580000, 0x00000000ea580000, 0x0000000100000000)
  eden space 259584K, 0% used [0x00000000d5580000,0x00000000d5580000,0x00000000e5300000)
  from space 23040K, 99% used [0x00000000e5300000,0x00000000e697ac50,0x00000000e6980000)
  to   space 26624K, 0% used [0x00000000e8b80000,0x00000000e8b80000,0x00000000ea580000)
 ParOldGen       total 159232K, used 40318K [0x0000000080000000, 0x0000000089b80000, 0x00000000d5580000)
  object space 159232K, 25% used [0x0000000080000000,0x000000008275fa20,0x0000000089b80000)
 Metaspace       used 80310K, capacity 84098K, committed 84224K, reserved 1122304K
  class space    used 10974K, capacity 11712K, committed 11776K, reserved 1048576K
}

